  Sonaradar-ExperimentProject.cpp
j:\programming\c\sonaradar-experimentproject\sonaradar-experimentproject\sonaradar-experimentproject.cpp(257): warning C4305: “参数”: 从“double”到“float”截断
j:\programming\c\sonaradar-experimentproject\sonaradar-experimentproject\sonaradar-experimentproject.cpp(259): warning C4305: “参数”: 从“double”到“float”截断
j:\programming\c\sonaradar-experimentproject\sonaradar-experimentproject\sonaradar-experimentproject.cpp(261): warning C4305: “参数”: 从“double”到“float”截断
j:\programming\c\sonaradar-experimentproject\sonaradar-experimentproject\sonaradar-experimentproject.cpp(263): warning C4305: “参数”: 从“double”到“float”截断
j:\programming\c\sonaradar-experimentproject\sonaradar-experimentproject\sonaradar-experimentproject.cpp(265): warning C4305: “参数”: 从“double”到“float”截断
j:\programming\c\sonaradar-experimentproject\sonaradar-experimentproject\sonaradar-experimentproject.cpp(267): warning C4305: “参数”: 从“double”到“float”截断
j:\programming\c\sonaradar-experimentproject\sonaradar-experimentproject\sonaradar-experimentproject.cpp(269): warning C4305: “参数”: 从“double”到“float”截断
j:\programming\c\sonaradar-experimentproject\sonaradar-experimentproject\sonaradar-experimentproject.cpp(271): warning C4305: “参数”: 从“double”到“float”截断
j:\programming\c\sonaradar-experimentproject\sonaradar-experimentproject\sonaradar-experimentproject.cpp(273): warning C4305: “参数”: 从“double”到“float”截断
j:\programming\c\sonaradar-experimentproject\sonaradar-experimentproject\sonaradar-experimentproject.cpp(275): warning C4305: “参数”: 从“double”到“float”截断
j:\programming\c\sonaradar-experimentproject\sonaradar-experimentproject\sonaradar-experimentproject.cpp(277): warning C4305: “参数”: 从“double”到“float”截断
j:\programming\c\sonaradar-experimentproject\sonaradar-experimentproject\sonaradar-experimentproject.cpp(279): warning C4305: “参数”: 从“double”到“float”截断
j:\programming\c\sonaradar-experimentproject\sonaradar-experimentproject\sonaradar-experimentproject.cpp(281): warning C4305: “参数”: 从“double”到“float”截断
j:\programming\c\sonaradar-experimentproject\sonaradar-experimentproject\sonaradar-experimentproject.cpp(283): warning C4305: “参数”: 从“double”到“float”截断
j:\programming\c\sonaradar-experimentproject\sonaradar-experimentproject\sonaradar-experimentproject.cpp(285): warning C4305: “参数”: 从“double”到“float”截断
j:\programming\c\sonaradar-experimentproject\sonaradar-experimentproject\sonaradar-experimentproject.cpp(287): warning C4305: “参数”: 从“double”到“float”截断
j:\programming\c\sonaradar-experimentproject\sonaradar-experimentproject\sonaradar-experimentproject.cpp(289): warning C4305: “参数”: 从“double”到“float”截断
j:\programming\c\sonaradar-experimentproject\sonaradar-experimentproject\sonaradar-experimentproject.cpp(291): warning C4305: “参数”: 从“double”到“float”截断
j:\programming\c\sonaradar-experimentproject\sonaradar-experimentproject\sonaradar-experimentproject.cpp(293): warning C4305: “参数”: 从“double”到“float”截断
j:\programming\c\sonaradar-experimentproject\sonaradar-experimentproject\sonaradar-experimentproject.cpp(295): warning C4305: “参数”: 从“double”到“float”截断
j:\programming\c\sonaradar-experimentproject\sonaradar-experimentproject\sonaradar-experimentproject.cpp(297): warning C4305: “参数”: 从“double”到“float”截断
j:\programming\c\sonaradar-experimentproject\sonaradar-experimentproject\sonaradar-experimentproject.cpp(299): warning C4305: “参数”: 从“double”到“float”截断
j:\programming\c\sonaradar-experimentproject\sonaradar-experimentproject\sonaradar-experimentproject.cpp(301): warning C4305: “参数”: 从“double”到“float”截断
j:\programming\c\sonaradar-experimentproject\sonaradar-experimentproject\sonaradar-experimentproject.cpp(303): warning C4305: “参数”: 从“double”到“float”截断
j:\programming\c\sonaradar-experimentproject\sonaradar-experimentproject\sonaradar-experimentproject.cpp(309): warning C4305: “参数”: 从“double”到“float”截断
j:\programming\c\sonaradar-experimentproject\sonaradar-experimentproject\sonaradar-experimentproject.cpp(311): warning C4305: “参数”: 从“double”到“float”截断
j:\programming\c\sonaradar-experimentproject\sonaradar-experimentproject\sonaradar-experimentproject.cpp(329): warning C4305: “参数”: 从“double”到“float”截断
j:\programming\c\sonaradar-experimentproject\sonaradar-experimentproject\sonaradar-experimentproject.cpp(331): warning C4305: “参数”: 从“double”到“float”截断
j:\programming\c\sonaradar-experimentproject\sonaradar-experimentproject\sonaradar-experimentproject.cpp(333): warning C4305: “参数”: 从“double”到“float”截断
j:\programming\c\sonaradar-experimentproject\sonaradar-experimentproject\sonaradar-experimentproject.cpp(335): warning C4305: “参数”: 从“double”到“float”截断
j:\programming\c\sonaradar-experimentproject\sonaradar-experimentproject\sonaradar-experimentproject.cpp(509): warning C4101: “si”: 未引用的局部变量
j:\programming\c\sonaradar-experimentproject\sonaradar-experimentproject\sonaradar-experimentproject.cpp(575): warning C4101: “si”: 未引用的局部变量
j:\programming\c\sonaradar-experimentproject\sonaradar-experimentproject\sonaradar-experimentproject.cpp(1229): warning C4101: “si”: 未引用的局部变量
j:\programming\c\sonaradar-experimentproject\sonaradar-experimentproject\sonaradar-experimentproject.cpp(2076): warning C4305: “=”: 从“double”到“float”截断
j:\programming\c\sonaradar-experimentproject\sonaradar-experimentproject\sonaradar-experimentproject.cpp(2081): warning C4305: “=”: 从“double”到“float”截断
j:\programming\c\sonaradar-experimentproject\sonaradar-experimentproject\sonaradar-experimentproject.cpp(424): warning C4717: “func_querysystem”: 如递归所有控件路径，函数将导致运行时堆栈溢出
  Sonaradar-ExperimentProject.vcxproj -> J:\Programming\C\Sonaradar-ExperimentProject\Debug\Sonaradar-ExperimentProject.exe
